Sep 15, 2023 12:04:48 AM org.apache.catalina.core.AprLifecycleListener init
INFO: The APR based Apache Tomcat Native library which allows optimal performance in production environments was not found on the java.library.path: /usr/lib/jvm/java-6-openjdk/jre/lib/i386/client:/usr/lib/jvm/java-6-openjdk/jre/lib/i386:/usr/lib/jvm/java-6-openjdk/jre/../lib/i386:/usr/java/packages/lib/i386:/usr/lib/jni:/lib:/usr/lib
Sep 15, 2023 12:04:48 AM org.apache.coyote.http11.Http11Protocol init
INFO: Initializing Coyote HTTP/1.1 on http-8080
Sep 15, 2023 12:04:48 AM org.apache.catalina.startup.Catalina load
INFO: Initialization processed in 181 ms
Sep 15, 2023 12:04:48 AM org.apache.catalina.core.StandardService start
INFO: Starting service Catalina
Sep 15, 2023 12:04:48 AM org.apache.catalina.core.StandardEngine start
INFO: Starting Servlet Engine: Apache Tomcat/6.0.24
Sep 15, 2023 12:04:48 AM org.apache.catalina.startup.HostConfig deployDescriptor
INFO: Deploying configuration descriptor docs.xml
Sep 15, 2023 12:04:48 AM org.apache.catalina.startup.HostConfig deployDescriptor
INFO: Deploying configuration descriptor examples.xml
Sep 15, 2023 12:04:48 AM org.apache.catalina.startup.HostConfig deployDescriptor
INFO: Deploying configuration descriptor manager.xml
Sep 15, 2023 12:04:48 AM org.apache.catalina.startup.HostConfig deployDescriptor
INFO: Deploying configuration descriptor host-manager.xml
Sep 15, 2023 12:04:48 AM org.apache.catalina.startup.HostConfig deployWAR
INFO: Deploying web application archive shepherd.war
Sep 15, 2023 12:04:48 AM org.apache.catalina.loader.WebappClassLoader validateJarFile
INFO: validateJarFile(/var/lib/tomcat6/webapps/shepherd/WEB-INF/lib/servlet-api.jar) - jar not loaded. See Servlet Spec 2.3, section 9.7.2. Offending class: javax/servlet/Servlet.class
Sep 15, 2023 12:04:48 AM org.apache.catalina.startup.HostConfig deployWAR
INFO: Deploying web application archive CSRFGuardTestAppVulnerable.war
Sep 15, 2023 12:04:48 AM org.apache.catalina.startup.HostConfig deployWAR
INFO: Deploying web application archive ESAPI-Java-SwingSet-Interactive.war
Sep 15, 2023 12:04:48 AM org.apache.catalina.loader.WebappClassLoader validateJarFile
INFO: validateJarFile(/var/lib/tomcat6/webapps/ESAPI-Java-SwingSet-Interactive/WEB-INF/lib/servlet-api-2.4.jar) - jar not loaded. See Servlet Spec 2.3, section 9.7.2. Offending class: javax/servlet/Servlet.class
Sep 15, 2023 12:04:48 AM org.apache.catalina.startup.HostConfig deployWAR
INFO: Deploying web application archive yazd.war
Sep 15, 2023 12:04:48 AM org.apache.catalina.startup.TldConfig lifecycleEvent
SEVERE: Error processing TLD files for context path /yazd
javax.servlet.ServletException: Exception processing TLD at resource path /WEB-INF/response.tld in context /yazd
	at org.apache.catalina.startup.TldConfig.tldScanTld(TldConfig.java:543)
	at org.apache.catalina.startup.TldConfig.execute(TldConfig.java:299)
	at org.apache.catalina.startup.TldConfig.lifecycleEvent(TldConfig.java:739)
	at org.apache.catalina.util.LifecycleSupport.fireLifecycleEvent(LifecycleSupport.java:119)
	at org.apache.catalina.core.StandardContext.start(StandardContext.java:4377)
	at org.apache.catalina.core.ContainerBase.addChildInternal(ContainerBase.java:791)
	at org.apache.catalina.core.ContainerBase.addChild(ContainerBase.java:771)
	at org.apache.catalina.core.StandardHost.addChild(StandardHost.java:526)
	at org.apache.catalina.startup.HostConfig.deployWAR(HostConfig.java:905)
	at org.apache.catalina.startup.HostConfig.deployWARs(HostConfig.java:740)
	at org.apache.catalina.startup.HostConfig.deployApps(HostConfig.java:500)
	at org.apache.catalina.startup.HostConfig.start(HostConfig.java:1277)
	at org.apache.catalina.startup.HostConfig.lifecycleEvent(HostConfig.java:321)
	at org.apache.catalina.util.LifecycleSupport.fireLifecycleEvent(LifecycleSupport.java:119)
	at org.apache.catalina.core.ContainerBase.start(ContainerBase.java:1053)
	at org.apache.catalina.core.StandardHost.start(StandardHost.java:722)
	at org.apache.catalina.core.ContainerBase.start(ContainerBase.java:1045)
	at org.apache.catalina.core.StandardEngine.start(StandardEngine.java:443)
	at org.apache.catalina.core.StandardService.start(StandardService.java:516)
	at org.apache.catalina.core.StandardServer.start(StandardServer.java:710)
	at org.apache.catalina.startup.Catalina.start(Catalina.java:593)
	at sun.reflect.NativeMethodAccessorImpl.invoke0(Native Method)
	at sun.reflect.NativeMethodAccessorImpl.invoke(NativeMethodAccessorImpl.java:57)
	at sun.reflect.DelegatingMethodAccessorImpl.invoke(DelegatingMethodAccessorImpl.java:43)
	at java.lang.reflect.Method.invoke(Method.java:616)
	at org.apache.catalina.startup.Bootstrap.start(Bootstrap.java:289)
	at org.apache.catalina.startup.Bootstrap.main(Bootstrap.java:414)
Caused by: java.lang.IllegalArgumentException: Invalid TLD resource path /WEB-INF/response.tld
	at org.apache.catalina.startup.TldConfig.tldScanTld(TldConfig.java:531)
	... 26 more
Sep 15, 2023 12:04:48 AM org.apache.catalina.startup.HostConfig deployWAR
INFO: Deploying web application archive AppSensorDemo.war
Sep 15, 2023 12:04:48 AM org.apache.catalina.startup.HostConfig deployWAR
INFO: Deploying web application archive wavsep.war
Sep 15, 2023 12:04:48 AM org.apache.catalina.startup.HostConfig deployWAR
INFO: Deploying web application archive CSRFGuardTestApp.war
Sep 15, 2023 12:04:48 AM org.apache.catalina.startup.HostConfig deployDirectory
INFO: Deploying web application directory mandiant-struts-form-incomplete-blacklist
Sep 15, 2023 12:04:48 AM org.apache.struts.tiles.TilesPlugin initDefinitionsFactory
INFO: Tiles definition factory loaded for module ''.
Sep 15, 2023 12:04:48 AM org.apache.struts.validator.ValidatorPlugIn initResources
INFO: Loading validation rules file from '/WEB-INF/validator-rules.xml'
Sep 15, 2023 12:04:48 AM org.apache.struts.validator.ValidatorPlugIn initResources
INFO: Loading validation rules file from '/WEB-INF/validation.xml'
Sep 15, 2023 12:04:48 AM org.apache.catalina.startup.HostConfig deployDirectory
INFO: Deploying web application directory ESAPI-Java-SwingSet
Sep 15, 2023 12:04:48 AM org.apache.catalina.startup.HostConfig deployDirectory
INFO: Deploying web application directory WebGoat
Sep 15, 2023 12:04:49 AM org.apache.catalina.startup.HostConfig deployDirectory
INFO: Deploying web application directory bodgeit
Sep 15, 2023 12:04:49 AM org.apache.catalina.loader.WebappClassLoader validateJarFile
INFO: validateJarFile(/var/lib/tomcat6/webapps/bodgeit/WEB-INF/lib/servlet-api.jar) - jar not loaded. See Servlet Spec 2.3, section 9.7.2. Offending class: javax/servlet/Servlet.class
Sep 15, 2023 12:04:49 AM org.apache.catalina.startup.HostConfig deployDirectory
INFO: Deploying web application directory hackxor
Sep 15, 2023 12:04:49 AM org.apache.catalina.startup.HostConfig deployDirectory
INFO: Deploying web application directory mandiant-struts-validatorform
Sep 15, 2023 12:04:49 AM org.apache.struts.tiles.TilesPlugin initDefinitionsFactory
INFO: Tiles definition factory loaded for module ''.
Sep 15, 2023 12:04:49 AM org.apache.struts.validator.ValidatorPlugIn initResources
INFO: Loading validation rules file from '/WEB-INF/validator-rules.xml'
Sep 15, 2023 12:04:49 AM org.apache.struts.validator.ValidatorPlugIn initResources
INFO: Loading validation rules file from '/WEB-INF/validation.xml'
Sep 15, 2023 12:04:49 AM org.apache.catalina.startup.HostConfig deployDirectory
INFO: Deploying web application directory mandiant-struts-form-vulnerable
Sep 15, 2023 12:04:49 AM org.apache.struts.tiles.TilesPlugin initDefinitionsFactory
INFO: Tiles definition factory loaded for module ''.
Sep 15, 2023 12:04:49 AM org.apache.struts.validator.ValidatorPlugIn initResources
INFO: Loading validation rules file from '/WEB-INF/validator-rules.xml'
Sep 15, 2023 12:04:49 AM org.apache.struts.validator.ValidatorPlugIn initResources
INFO: Loading validation rules file from '/WEB-INF/validation.xml'
Sep 15, 2023 12:04:49 AM org.apache.catalina.startup.HostConfig deployDirectory
INFO: Deploying web application directory mandiant-struts-validatorform-with-javascript
Sep 15, 2023 12:04:49 AM org.apache.struts.tiles.TilesPlugin initDefinitionsFactory
INFO: Tiles definition factory loaded for module ''.
Sep 15, 2023 12:04:49 AM org.apache.struts.validator.ValidatorPlugIn initResources
INFO: Loading validation rules file from '/WEB-INF/validator-rules.xml'
Sep 15, 2023 12:04:49 AM org.apache.struts.validator.ValidatorPlugIn initResources
INFO: Loading validation rules file from '/WEB-INF/validation.xml'
Sep 15, 2023 12:04:49 AM org.apache.catalina.startup.HostConfig deployDirectory
INFO: Deploying web application directory zap-wave
Sep 15, 2023 12:04:49 AM org.apache.coyote.http11.Http11Protocol start
INFO: Starting Coyote HTTP/1.1 on http-8080
Sep 15, 2023 12:04:49 AM org.apache.catalina.startup.Catalina start
INFO: Server startup in 1315 ms
Sep 15, 2023 2:28:35 PM org.apache.catalina.core.AprLifecycleListener init
INFO: The APR based Apache Tomcat Native library which allows optimal performance in production environments was not found on the java.library.path: /usr/lib/jvm/java-6-openjdk/jre/lib/i386/client:/usr/lib/jvm/java-6-openjdk/jre/lib/i386:/usr/lib/jvm/java-6-openjdk/jre/../lib/i386:/usr/java/packages/lib/i386:/usr/lib/jni:/lib:/usr/lib
Sep 15, 2023 2:28:35 PM org.apache.coyote.http11.Http11Protocol init
INFO: Initializing Coyote HTTP/1.1 on http-8080
Sep 15, 2023 2:28:35 PM org.apache.catalina.startup.Catalina load
INFO: Initialization processed in 263 ms
Sep 15, 2023 2:28:35 PM org.apache.catalina.core.StandardService start
INFO: Starting service Catalina
Sep 15, 2023 2:28:35 PM org.apache.catalina.core.StandardEngine start
INFO: Starting Servlet Engine: Apache Tomcat/6.0.24
Sep 15, 2023 2:28:35 PM org.apache.catalina.startup.HostConfig deployDescriptor
INFO: Deploying configuration descriptor docs.xml
Sep 15, 2023 2:28:35 PM org.apache.catalina.startup.HostConfig deployDescriptor
INFO: Deploying configuration descriptor examples.xml
Sep 15, 2023 2:28:35 PM org.apache.catalina.startup.HostConfig deployDescriptor
INFO: Deploying configuration descriptor manager.xml
Sep 15, 2023 2:28:35 PM org.apache.catalina.startup.HostConfig deployDescriptor
INFO: Deploying configuration descriptor host-manager.xml
Sep 15, 2023 2:28:35 PM org.apache.catalina.startup.HostConfig deployWAR
INFO: Deploying web application archive shepherd.war
Sep 15, 2023 2:28:35 PM org.apache.catalina.loader.WebappClassLoader validateJarFile
INFO: validateJarFile(/var/lib/tomcat6/webapps/shepherd/WEB-INF/lib/servlet-api.jar) - jar not loaded. See Servlet Spec 2.3, section 9.7.2. Offending class: javax/servlet/Servlet.class
Sep 15, 2023 2:28:36 PM org.apache.catalina.startup.HostConfig deployWAR
INFO: Deploying web application archive CSRFGuardTestAppVulnerable.war
Sep 15, 2023 2:28:36 PM org.apache.catalina.startup.HostConfig deployWAR
INFO: Deploying web application archive ESAPI-Java-SwingSet-Interactive.war
Sep 15, 2023 2:28:36 PM org.apache.catalina.loader.WebappClassLoader validateJarFile
INFO: validateJarFile(/var/lib/tomcat6/webapps/ESAPI-Java-SwingSet-Interactive/WEB-INF/lib/servlet-api-2.4.jar) - jar not loaded. See Servlet Spec 2.3, section 9.7.2. Offending class: javax/servlet/Servlet.class
Sep 15, 2023 2:28:36 PM org.apache.catalina.startup.HostConfig deployWAR
INFO: Deploying web application archive yazd.war
Sep 15, 2023 2:28:36 PM org.apache.catalina.startup.TldConfig lifecycleEvent
SEVERE: Error processing TLD files for context path /yazd
javax.servlet.ServletException: Exception processing TLD at resource path /WEB-INF/response.tld in context /yazd
	at org.apache.catalina.startup.TldConfig.tldScanTld(TldConfig.java:543)
	at org.apache.catalina.startup.TldConfig.execute(TldConfig.java:299)
	at org.apache.catalina.startup.TldConfig.lifecycleEvent(TldConfig.java:739)
	at org.apache.catalina.util.LifecycleSupport.fireLifecycleEvent(LifecycleSupport.java:119)
	at org.apache.catalina.core.StandardContext.start(StandardContext.java:4377)
	at org.apache.catalina.core.ContainerBase.addChildInternal(ContainerBase.java:791)
	at org.apache.catalina.core.ContainerBase.addChild(ContainerBase.java:771)
	at org.apache.catalina.core.StandardHost.addChild(StandardHost.java:526)
	at org.apache.catalina.startup.HostConfig.deployWAR(HostConfig.java:905)
	at org.apache.catalina.startup.HostConfig.deployWARs(HostConfig.java:740)
	at org.apache.catalina.startup.HostConfig.deployApps(HostConfig.java:500)
	at org.apache.catalina.startup.HostConfig.start(HostConfig.java:1277)
	at org.apache.catalina.startup.HostConfig.lifecycleEvent(HostConfig.java:321)
	at org.apache.catalina.util.LifecycleSupport.fireLifecycleEvent(LifecycleSupport.java:119)
	at org.apache.catalina.core.ContainerBase.start(ContainerBase.java:1053)
	at org.apache.catalina.core.StandardHost.start(StandardHost.java:722)
	at org.apache.catalina.core.ContainerBase.start(ContainerBase.java:1045)
	at org.apache.catalina.core.StandardEngine.start(StandardEngine.java:443)
	at org.apache.catalina.core.StandardService.start(StandardService.java:516)
	at org.apache.catalina.core.StandardServer.start(StandardServer.java:710)
	at org.apache.catalina.startup.Catalina.start(Catalina.java:593)
	at sun.reflect.NativeMethodAccessorImpl.invoke0(Native Method)
	at sun.reflect.NativeMethodAccessorImpl.invoke(NativeMethodAccessorImpl.java:57)
	at sun.reflect.DelegatingMethodAccessorImpl.invoke(DelegatingMethodAccessorImpl.java:43)
	at java.lang.reflect.Method.invoke(Method.java:616)
	at org.apache.catalina.startup.Bootstrap.start(Bootstrap.java:289)
	at org.apache.catalina.startup.Bootstrap.main(Bootstrap.java:414)
Caused by: java.lang.IllegalArgumentException: Invalid TLD resource path /WEB-INF/response.tld
	at org.apache.catalina.startup.TldConfig.tldScanTld(TldConfig.java:531)
	... 26 more
Sep 15, 2023 2:28:36 PM org.apache.catalina.startup.HostConfig deployWAR
INFO: Deploying web application archive AppSensorDemo.war
Sep 15, 2023 2:28:36 PM org.apache.catalina.startup.HostConfig deployWAR
INFO: Deploying web application archive wavsep.war
Sep 15, 2023 2:28:36 PM org.apache.catalina.startup.HostConfig deployWAR
INFO: Deploying web application archive CSRFGuardTestApp.war
Sep 15, 2023 2:28:36 PM org.apache.catalina.startup.HostConfig deployDirectory
INFO: Deploying web application directory mandiant-struts-form-incomplete-blacklist
Sep 15, 2023 2:28:36 PM org.apache.struts.tiles.TilesPlugin initDefinitionsFactory
INFO: Tiles definition factory loaded for module ''.
Sep 15, 2023 2:28:36 PM org.apache.struts.validator.ValidatorPlugIn initResources
INFO: Loading validation rules file from '/WEB-INF/validator-rules.xml'
Sep 15, 2023 2:28:36 PM org.apache.struts.validator.ValidatorPlugIn initResources
INFO: Loading validation rules file from '/WEB-INF/validation.xml'
Sep 15, 2023 2:28:36 PM org.apache.catalina.startup.HostConfig deployDirectory
INFO: Deploying web application directory ESAPI-Java-SwingSet
Sep 15, 2023 2:28:36 PM org.apache.catalina.startup.HostConfig deployDirectory
INFO: Deploying web application directory WebGoat
Sep 15, 2023 2:28:36 PM org.apache.catalina.startup.HostConfig deployDirectory
INFO: Deploying web application directory bodgeit
Sep 15, 2023 2:28:36 PM org.apache.catalina.loader.WebappClassLoader validateJarFile
INFO: validateJarFile(/var/lib/tomcat6/webapps/bodgeit/WEB-INF/lib/servlet-api.jar) - jar not loaded. See Servlet Spec 2.3, section 9.7.2. Offending class: javax/servlet/Servlet.class
Sep 15, 2023 2:28:36 PM org.apache.catalina.startup.HostConfig deployDirectory
INFO: Deploying web application directory hackxor
Sep 15, 2023 2:28:36 PM org.apache.catalina.startup.HostConfig deployDirectory
INFO: Deploying web application directory mandiant-struts-validatorform
Sep 15, 2023 2:28:37 PM org.apache.struts.tiles.TilesPlugin initDefinitionsFactory
INFO: Tiles definition factory loaded for module ''.
Sep 15, 2023 2:28:37 PM org.apache.struts.validator.ValidatorPlugIn initResources
INFO: Loading validation rules file from '/WEB-INF/validator-rules.xml'
Sep 15, 2023 2:28:37 PM org.apache.struts.validator.ValidatorPlugIn initResources
INFO: Loading validation rules file from '/WEB-INF/validation.xml'
Sep 15, 2023 2:28:37 PM org.apache.catalina.startup.HostConfig deployDirectory
INFO: Deploying web application directory mandiant-struts-form-vulnerable
Sep 15, 2023 2:28:37 PM org.apache.struts.tiles.TilesPlugin initDefinitionsFactory
INFO: Tiles definition factory loaded for module ''.
Sep 15, 2023 2:28:37 PM org.apache.struts.validator.ValidatorPlugIn initResources
INFO: Loading validation rules file from '/WEB-INF/validator-rules.xml'
Sep 15, 2023 2:28:37 PM org.apache.struts.validator.ValidatorPlugIn initResources
INFO: Loading validation rules file from '/WEB-INF/validation.xml'
Sep 15, 2023 2:28:37 PM org.apache.catalina.startup.HostConfig deployDirectory
INFO: Deploying web application directory mandiant-struts-validatorform-with-javascript
Sep 15, 2023 2:28:37 PM org.apache.struts.tiles.TilesPlugin initDefinitionsFactory
INFO: Tiles definition factory loaded for module ''.
Sep 15, 2023 2:28:37 PM org.apache.struts.validator.ValidatorPlugIn initResources
INFO: Loading validation rules file from '/WEB-INF/validator-rules.xml'
Sep 15, 2023 2:28:37 PM org.apache.struts.validator.ValidatorPlugIn initResources
INFO: Loading validation rules file from '/WEB-INF/validation.xml'
Sep 15, 2023 2:28:37 PM org.apache.catalina.startup.HostConfig deployDirectory
INFO: Deploying web application directory zap-wave
Sep 15, 2023 2:28:37 PM org.apache.coyote.http11.Http11Protocol start
INFO: Starting Coyote HTTP/1.1 on http-8080
Sep 15, 2023 2:28:37 PM org.apache.catalina.startup.Catalina start
INFO: Server startup in 1790 ms
Sep 15, 2023 2:44:59 PM org.apache.catalina.core.AprLifecycleListener init
INFO: The APR based Apache Tomcat Native library which allows optimal performance in production environments was not found on the java.library.path: /usr/lib/jvm/java-6-openjdk/jre/lib/i386/client:/usr/lib/jvm/java-6-openjdk/jre/lib/i386:/usr/lib/jvm/java-6-openjdk/jre/../lib/i386:/usr/java/packages/lib/i386:/usr/lib/jni:/lib:/usr/lib
Sep 15, 2023 2:44:59 PM org.apache.coyote.http11.Http11Protocol init
INFO: Initializing Coyote HTTP/1.1 on http-8080
Sep 15, 2023 2:44:59 PM org.apache.catalina.startup.Catalina load
INFO: Initialization processed in 268 ms
Sep 15, 2023 2:44:59 PM org.apache.catalina.core.StandardService start
INFO: Starting service Catalina
Sep 15, 2023 2:44:59 PM org.apache.catalina.core.StandardEngine start
INFO: Starting Servlet Engine: Apache Tomcat/6.0.24
Sep 15, 2023 2:44:59 PM org.apache.catalina.startup.HostConfig deployDescriptor
INFO: Deploying configuration descriptor docs.xml
Sep 15, 2023 2:44:59 PM org.apache.catalina.startup.HostConfig deployDescriptor
INFO: Deploying configuration descriptor examples.xml
Sep 15, 2023 2:44:59 PM org.apache.catalina.startup.HostConfig deployDescriptor
INFO: Deploying configuration descriptor manager.xml
Sep 15, 2023 2:44:59 PM org.apache.catalina.startup.HostConfig deployDescriptor
INFO: Deploying configuration descriptor host-manager.xml
Sep 15, 2023 2:44:59 PM org.apache.catalina.startup.HostConfig deployWAR
INFO: Deploying web application archive shepherd.war
Sep 15, 2023 2:44:59 PM org.apache.catalina.loader.WebappClassLoader validateJarFile
INFO: validateJarFile(/var/lib/tomcat6/webapps/shepherd/WEB-INF/lib/servlet-api.jar) - jar not loaded. See Servlet Spec 2.3, section 9.7.2. Offending class: javax/servlet/Servlet.class
Sep 15, 2023 2:44:59 PM org.apache.catalina.startup.HostConfig deployWAR
INFO: Deploying web application archive CSRFGuardTestAppVulnerable.war
Sep 15, 2023 2:44:59 PM org.apache.catalina.startup.HostConfig deployWAR
INFO: Deploying web application archive ESAPI-Java-SwingSet-Interactive.war
Sep 15, 2023 2:44:59 PM org.apache.catalina.loader.WebappClassLoader validateJarFile
INFO: validateJarFile(/var/lib/tomcat6/webapps/ESAPI-Java-SwingSet-Interactive/WEB-INF/lib/servlet-api-2.4.jar) - jar not loaded. See Servlet Spec 2.3, section 9.7.2. Offending class: javax/servlet/Servlet.class
Sep 15, 2023 2:44:59 PM org.apache.catalina.startup.HostConfig deployWAR
INFO: Deploying web application archive yazd.war
Sep 15, 2023 2:44:59 PM org.apache.catalina.startup.TldConfig lifecycleEvent
SEVERE: Error processing TLD files for context path /yazd
javax.servlet.ServletException: Exception processing TLD at resource path /WEB-INF/response.tld in context /yazd
	at org.apache.catalina.startup.TldConfig.tldScanTld(TldConfig.java:543)
	at org.apache.catalina.startup.TldConfig.execute(TldConfig.java:299)
	at org.apache.catalina.startup.TldConfig.lifecycleEvent(TldConfig.java:739)
	at org.apache.catalina.util.LifecycleSupport.fireLifecycleEvent(LifecycleSupport.java:119)
	at org.apache.catalina.core.StandardContext.start(StandardContext.java:4377)
	at org.apache.catalina.core.ContainerBase.addChildInternal(ContainerBase.java:791)
	at org.apache.catalina.core.ContainerBase.addChild(ContainerBase.java:771)
	at org.apache.catalina.core.StandardHost.addChild(StandardHost.java:526)
	at org.apache.catalina.startup.HostConfig.deployWAR(HostConfig.java:905)
	at org.apache.catalina.startup.HostConfig.deployWARs(HostConfig.java:740)
	at org.apache.catalina.startup.HostConfig.deployApps(HostConfig.java:500)
	at org.apache.catalina.startup.HostConfig.start(HostConfig.java:1277)
	at org.apache.catalina.startup.HostConfig.lifecycleEvent(HostConfig.java:321)
	at org.apache.catalina.util.LifecycleSupport.fireLifecycleEvent(LifecycleSupport.java:119)
	at org.apache.catalina.core.ContainerBase.start(ContainerBase.java:1053)
	at org.apache.catalina.core.StandardHost.start(StandardHost.java:722)
	at org.apache.catalina.core.ContainerBase.start(ContainerBase.java:1045)
	at org.apache.catalina.core.StandardEngine.start(StandardEngine.java:443)
	at org.apache.catalina.core.StandardService.start(StandardService.java:516)
	at org.apache.catalina.core.StandardServer.start(StandardServer.java:710)
	at org.apache.catalina.startup.Catalina.start(Catalina.java:593)
	at sun.reflect.NativeMethodAccessorImpl.invoke0(Native Method)
	at sun.reflect.NativeMethodAccessorImpl.invoke(NativeMethodAccessorImpl.java:57)
	at sun.reflect.DelegatingMethodAccessorImpl.invoke(DelegatingMethodAccessorImpl.java:43)
	at java.lang.reflect.Method.invoke(Method.java:616)
	at org.apache.catalina.startup.Bootstrap.start(Bootstrap.java:289)
	at org.apache.catalina.startup.Bootstrap.main(Bootstrap.java:414)
Caused by: java.lang.IllegalArgumentException: Invalid TLD resource path /WEB-INF/response.tld
	at org.apache.catalina.startup.TldConfig.tldScanTld(TldConfig.java:531)
	... 26 more
Sep 15, 2023 2:44:59 PM org.apache.catalina.startup.HostConfig deployWAR
INFO: Deploying web application archive AppSensorDemo.war
Sep 15, 2023 2:44:59 PM org.apache.catalina.startup.HostConfig deployWAR
INFO: Deploying web application archive wavsep.war
Sep 15, 2023 2:44:59 PM org.apache.catalina.startup.HostConfig deployWAR
INFO: Deploying web application archive CSRFGuardTestApp.war
Sep 15, 2023 2:44:59 PM org.apache.catalina.startup.HostConfig deployDirectory
INFO: Deploying web application directory mandiant-struts-form-incomplete-blacklist
Sep 15, 2023 2:45:00 PM org.apache.struts.tiles.TilesPlugin initDefinitionsFactory
INFO: Tiles definition factory loaded for module ''.
Sep 15, 2023 2:45:00 PM org.apache.struts.validator.ValidatorPlugIn initResources
INFO: Loading validation rules file from '/WEB-INF/validator-rules.xml'
Sep 15, 2023 2:45:00 PM org.apache.struts.validator.ValidatorPlugIn initResources
INFO: Loading validation rules file from '/WEB-INF/validation.xml'
Sep 15, 2023 2:45:00 PM org.apache.catalina.startup.HostConfig deployDirectory
INFO: Deploying web application directory ESAPI-Java-SwingSet
Sep 15, 2023 2:45:00 PM org.apache.catalina.startup.HostConfig deployDirectory
INFO: Deploying web application directory WebGoat
Sep 15, 2023 2:45:00 PM org.apache.catalina.startup.HostConfig deployDirectory
INFO: Deploying web application directory bodgeit
Sep 15, 2023 2:45:00 PM org.apache.catalina.loader.WebappClassLoader validateJarFile
INFO: validateJarFile(/var/lib/tomcat6/webapps/bodgeit/WEB-INF/lib/servlet-api.jar) - jar not loaded. See Servlet Spec 2.3, section 9.7.2. Offending class: javax/servlet/Servlet.class
Sep 15, 2023 2:45:00 PM org.apache.catalina.startup.HostConfig deployDirectory
INFO: Deploying web application directory hackxor
Sep 15, 2023 2:45:00 PM org.apache.catalina.startup.HostConfig deployDirectory
INFO: Deploying web application directory mandiant-struts-validatorform
Sep 15, 2023 2:45:01 PM org.apache.struts.tiles.TilesPlugin initDefinitionsFactory
INFO: Tiles definition factory loaded for module ''.
Sep 15, 2023 2:45:01 PM org.apache.struts.validator.ValidatorPlugIn initResources
INFO: Loading validation rules file from '/WEB-INF/validator-rules.xml'
Sep 15, 2023 2:45:01 PM org.apache.struts.validator.ValidatorPlugIn initResources
INFO: Loading validation rules file from '/WEB-INF/validation.xml'
Sep 15, 2023 2:45:01 PM org.apache.catalina.startup.HostConfig deployDirectory
INFO: Deploying web application directory mandiant-struts-form-vulnerable
Sep 15, 2023 2:45:01 PM org.apache.struts.tiles.TilesPlugin initDefinitionsFactory
INFO: Tiles definition factory loaded for module ''.
Sep 15, 2023 2:45:01 PM org.apache.struts.validator.ValidatorPlugIn initResources
INFO: Loading validation rules file from '/WEB-INF/validator-rules.xml'
Sep 15, 2023 2:45:01 PM org.apache.struts.validator.ValidatorPlugIn initResources
INFO: Loading validation rules file from '/WEB-INF/validation.xml'
Sep 15, 2023 2:45:01 PM org.apache.catalina.startup.HostConfig deployDirectory
INFO: Deploying web application directory mandiant-struts-validatorform-with-javascript
Sep 15, 2023 2:45:01 PM org.apache.struts.tiles.TilesPlugin initDefinitionsFactory
INFO: Tiles definition factory loaded for module ''.
Sep 15, 2023 2:45:01 PM org.apache.struts.validator.ValidatorPlugIn initResources
INFO: Loading validation rules file from '/WEB-INF/validator-rules.xml'
Sep 15, 2023 2:45:01 PM org.apache.struts.validator.ValidatorPlugIn initResources
INFO: Loading validation rules file from '/WEB-INF/validation.xml'
Sep 15, 2023 2:45:01 PM org.apache.catalina.startup.HostConfig deployDirectory
INFO: Deploying web application directory zap-wave
Sep 15, 2023 2:45:01 PM org.apache.coyote.http11.Http11Protocol start
INFO: Starting Coyote HTTP/1.1 on http-8080
Sep 15, 2023 2:45:01 PM org.apache.catalina.startup.Catalina start
INFO: Server startup in 1851 ms
