Directory "test/hotspot/JTwork/scratch" not found: creating
Passed: compiler/5057225/Test5057225.java
Passed: compiler/6378821/Test6378821.java
Passed: compiler/6539464/Test.java
Passed: compiler/6589834/Test_ia32.java
Passed: compiler/6603011/Test.java
Passed: compiler/6636138/Test1.java
Passed: compiler/6636138/Test2.java
Passed: compiler/6646019/Test.java
Passed: compiler/6646020/Tester.java
Passed: compiler/6659207/Test.java
Passed: compiler/6661247/Test.java
Passed: compiler/6663621/IVTest.java
Passed: compiler/6663848/Tester.java
Passed: compiler/6689060/Test.java
Passed: compiler/6695810/Test.java
Passed: compiler/6700047/Test6700047.java
Passed: compiler/6707044/LuceneCrash.java
Passed: compiler/6711100/Test.java
Passed: compiler/6711117/Test.java
Passed: compiler/6712835/Test6712835.java
Passed: compiler/6714694/Tester.java
Passed: compiler/6716441/Tester.java
Passed: compiler/6724218/Test.java
Passed: compiler/6726999/Test.java
Passed: compiler/6741738/Tester.java
Passed: compiler/6756768/Test6756768_2.java
Passed: compiler/6756768/Test6756768.java
Passed: compiler/6757316/Test6757316.java
Passed: compiler/6758234/Test6758234.java
Passed: compiler/6772683/InterruptedTest.java
Passed: compiler/6775880/Test.java
Passed: compiler/6778657/Test.java
Passed: compiler/6795161/Test.java
Passed: compiler/6795362/Test6795362.java
Passed: compiler/6795465/Test6795465.java
Passed: compiler/6797305/Test6797305.java
Passed: compiler/6799693/Test.java
Passed: compiler/6800154/Test6800154.java
Passed: compiler/6805724/Test6805724.java
Passed: compiler/6814842/Test6814842.java
Passed: compiler/6823354/Test6823354.java
Passed: compiler/6823453/Test.java
Passed: compiler/6826736/Test.java
Passed: compiler/6832293/Test.java
Passed: compiler/6833129/Test.java
Passed: compiler/6837011/Test6837011.java
Passed: compiler/6837094/Test.java
Passed: compiler/6843752/Test.java
Passed: compiler/6849574/Test.java
Passed: compiler/6851282/Test.java
Passed: compiler/6852078/Test6852078.java
Passed: compiler/6855164/Test.java
Passed: compiler/6855215/Test6855215.java
Passed: compiler/6857159/Test6857159.java
Passed: compiler/6859338/Test6859338.java
Passed: compiler/6860469/Test.java
Passed: compiler/6863155/Test6863155.java
Passed: compiler/6863420/Test.java
FAILED: compiler/6865031/Test.java
Passed: compiler/6875866/Test.java
Passed: gc/6845368/bigobj.java
Passed: runtime/6819213/TestBootNativeLibraryPath.java
Test results: passed: 61; failed: 1
Report written to test/hotspot/JTreport/html/report.html
Results written to /build/buildd/openjdk-6-6b18-1.8.1/build/test/hotspot/JTwork
