./miniruby -I./lib -I. -I.ext/common  ./tool/rbinstall.rb --make="make" --dest-dir="" --extout=".ext" --mflags="" --make-flags="" --data-mode=0644 --prog-mode=0755 --installed-list .installed.list --mantype="doc"
installing binary commands:   /usr/local/rvm/rubies/ruby-1.9.3-p286/bin
installing base libraries:    /usr/local/rvm/rubies/ruby-1.9.3-p286/lib
installing arch files:        /usr/local/rvm/rubies/ruby-1.9.3-p286/lib/ruby/1.9.1/i686-linux
installing pkgconfig data:    /usr/local/rvm/rubies/ruby-1.9.3-p286/lib/pkgconfig
installing command scripts:   /usr/local/rvm/rubies/ruby-1.9.3-p286/bin
installing library scripts:   /usr/local/rvm/rubies/ruby-1.9.3-p286/lib/ruby/1.9.1
installing common headers:    /usr/local/rvm/rubies/ruby-1.9.3-p286/include/ruby-1.9.1
installing manpages:          /usr/local/rvm/rubies/ruby-1.9.3-p286/share/man/man1
installing extension objects: /usr/local/rvm/rubies/ruby-1.9.3-p286/lib/ruby/1.9.1/i686-linux
installing extension objects: /usr/local/rvm/rubies/ruby-1.9.3-p286/lib/ruby/site_ruby/1.9.1/i686-linux
installing extension objects: /usr/local/rvm/rubies/ruby-1.9.3-p286/lib/ruby/vendor_ruby/1.9.1/i686-linux
installing extension headers: /usr/local/rvm/rubies/ruby-1.9.3-p286/include/ruby-1.9.1/i686-linux
installing extension scripts: /usr/local/rvm/rubies/ruby-1.9.3-p286/lib/ruby/1.9.1
installing extension scripts: /usr/local/rvm/rubies/ruby-1.9.3-p286/lib/ruby/site_ruby/1.9.1
installing extension scripts: /usr/local/rvm/rubies/ruby-1.9.3-p286/lib/ruby/vendor_ruby/1.9.1
installing extension headers: /usr/local/rvm/rubies/ruby-1.9.3-p286/include/ruby-1.9.1/ruby
installing default gems:      /usr/local/rvm/rubies/ruby-1.9.3-p286/lib/ruby/gems/1.9.1 (cache, doc, gems, specifications)
                              rake 0.9.2.2
                              rdoc 3.9.4
                              minitest 2.5.1
                              json 1.5.4
                              io-console 0.3
                              bigdecimal 1.1.0
